[2022-03-12 21:05:29] [Client thread/INFO] [aT] 
[2022-03-12 21:05:29] [Client thread/INFO] [aT] ******************************************************************************************
[2022-03-12 21:05:29] [Client thread/INFO] [aT] 
[2022-03-12 21:05:29] [Client thread/INFO] [aT] WorldEdit CUI Forge Edition 3 version 3.0.9 for Minecraft 1.12.2
[2022-03-12 21:05:29] [Client thread/INFO] [aT] Built with forge 14.23.5.2838
[2022-03-12 21:05:29] [Client thread/INFO] [aT] 
[2022-03-12 21:05:29] [Client thread/INFO] [aT] Environment :
[2022-03-12 21:05:29] [Client thread/INFO] [aT] 		 OS :Windows 10 (amd64) 
[2022-03-12 21:05:29] [Client thread/INFO] [aT] 		 Java: 1.8.0_51
[2022-03-12 21:05:29] [Client thread/INFO] [aT] 		 Language :US_en
[2022-03-12 21:05:29] [Client thread/INFO] [aT] 
[2022-03-12 21:05:29] [Client thread/INFO] [aT] ******************************************************************************************
[2022-03-12 21:05:29] [Client thread/INFO] [aT] 
[2022-03-12 21:05:29] [Client thread/INFO] [a] WorldEdit CUI Forge Edition 3 is loading ...
[2022-03-12 21:05:37] [Client thread/DEBUG] [aM] Handler registered: com.github.hexomod.worldeditcuife3.aN
[2022-03-12 21:05:55] [Client thread/DEBUG] [fZ] Sending CUI event to server: v|3
[2022-03-12 21:15:35] [Client thread/INFO] [aT] 
[2022-03-12 21:15:35] [Client thread/INFO] [aT] ******************************************************************************************
[2022-03-12 21:15:35] [Client thread/INFO] [aT] 
[2022-03-12 21:15:35] [Client thread/INFO] [aT] WorldEdit CUI Forge Edition 3 version 3.0.9 for Minecraft 1.12.2
[2022-03-12 21:15:35] [Client thread/INFO] [aT] Built with forge 14.23.5.2838
[2022-03-12 21:15:35] [Client thread/INFO] [aT] 
[2022-03-12 21:15:35] [Client thread/INFO] [aT] Environment :
[2022-03-12 21:15:35] [Client thread/INFO] [aT] 		 OS :Windows 10 (amd64) 
[2022-03-12 21:15:35] [Client thread/INFO] [aT] 		 Java: 1.8.0_51
[2022-03-12 21:15:35] [Client thread/INFO] [aT] 		 Language :US_en
[2022-03-12 21:15:35] [Client thread/INFO] [aT] 
[2022-03-12 21:15:35] [Client thread/INFO] [aT] ******************************************************************************************
[2022-03-12 21:15:35] [Client thread/INFO] [aT] 
[2022-03-12 21:15:35] [Client thread/INFO] [a] WorldEdit CUI Forge Edition 3 is loading ...
[2022-03-12 21:17:43] [Client thread/INFO] [aT] 
[2022-03-12 21:17:43] [Client thread/INFO] [aT] ******************************************************************************************
[2022-03-12 21:17:43] [Client thread/INFO] [aT] 
[2022-03-12 21:17:43] [Client thread/INFO] [aT] WorldEdit CUI Forge Edition 3 version 3.0.9 for Minecraft 1.12.2
[2022-03-12 21:17:43] [Client thread/INFO] [aT] Built with forge 14.23.5.2838
[2022-03-12 21:17:43] [Client thread/INFO] [aT] 
[2022-03-12 21:17:43] [Client thread/INFO] [aT] Environment :
[2022-03-12 21:17:43] [Client thread/INFO] [aT] 		 OS :Windows 10 (amd64) 
[2022-03-12 21:17:43] [Client thread/INFO] [aT] 		 Java: 1.8.0_51
[2022-03-12 21:17:43] [Client thread/INFO] [aT] 		 Language :US_en
[2022-03-12 21:17:43] [Client thread/INFO] [aT] 
[2022-03-12 21:17:43] [Client thread/INFO] [aT] ******************************************************************************************
[2022-03-12 21:17:43] [Client thread/INFO] [aT] 
[2022-03-12 21:17:43] [Client thread/INFO] [a] WorldEdit CUI Forge Edition 3 is loading ...
[2022-03-12 21:18:22] [Client thread/INFO] [aT] 
[2022-03-12 21:18:22] [Client thread/INFO] [aT] ******************************************************************************************
[2022-03-12 21:18:22] [Client thread/INFO] [aT] 
[2022-03-12 21:18:22] [Client thread/INFO] [aT] WorldEdit CUI Forge Edition 3 version 3.0.9 for Minecraft 1.12.2
[2022-03-12 21:18:22] [Client thread/INFO] [aT] Built with forge 14.23.5.2838
[2022-03-12 21:18:22] [Client thread/INFO] [aT] 
[2022-03-12 21:18:22] [Client thread/INFO] [aT] Environment :
[2022-03-12 21:18:22] [Client thread/INFO] [aT] 		 OS :Windows 10 (amd64) 
[2022-03-12 21:18:22] [Client thread/INFO] [aT] 		 Java: 1.8.0_51
[2022-03-12 21:18:22] [Client thread/INFO] [aT] 		 Language :US_en
[2022-03-12 21:18:22] [Client thread/INFO] [aT] 
[2022-03-12 21:18:22] [Client thread/INFO] [aT] ******************************************************************************************
[2022-03-12 21:18:22] [Client thread/INFO] [aT] 
[2022-03-12 21:18:22] [Client thread/INFO] [a] WorldEdit CUI Forge Edition 3 is loading ...
[2022-03-12 21:20:17] [Client thread/INFO] [aT] 
[2022-03-12 21:20:17] [Client thread/INFO] [aT] ******************************************************************************************
[2022-03-12 21:20:17] [Client thread/INFO] [aT] 
[2022-03-12 21:20:17] [Client thread/INFO] [aT] WorldEdit CUI Forge Edition 3 version 3.0.9 for Minecraft 1.12.2
[2022-03-12 21:20:17] [Client thread/INFO] [aT] Built with forge 14.23.5.2838
[2022-03-12 21:20:17] [Client thread/INFO] [aT] 
[2022-03-12 21:20:17] [Client thread/INFO] [aT] Environment :
[2022-03-12 21:20:17] [Client thread/INFO] [aT] 		 OS :Windows 10 (amd64) 
[2022-03-12 21:20:17] [Client thread/INFO] [aT] 		 Java: 1.8.0_51
[2022-03-12 21:20:17] [Client thread/INFO] [aT] 		 Language :US_en
[2022-03-12 21:20:17] [Client thread/INFO] [aT] 
[2022-03-12 21:20:17] [Client thread/INFO] [aT] ******************************************************************************************
[2022-03-12 21:20:17] [Client thread/INFO] [aT] 
[2022-03-12 21:20:17] [Client thread/INFO] [a] WorldEdit CUI Forge Edition 3 is loading ...
[2022-03-12 21:20:29] [Client thread/DEBUG] [aM] Handler registered: com.github.hexomod.worldeditcuife3.aN
[2022-03-12 21:20:38] [Client thread/DEBUG] [fZ] Sending CUI event to server: v|3
[2022-03-12 21:20:48] [Client thread/DEBUG] [fZ] Sending CUI event to server: v|3
[2022-03-12 21:25:05] [Client thread/DEBUG] [fZ] Sending CUI event to server: v|3
[2022-03-12 21:27:01] [Client thread/DEBUG] [fZ] Sending CUI event to server: v|3
[2022-03-12 22:20:01] [Client thread/DEBUG] [fZ] Sending CUI event to server: v|3
[2022-03-14 13:05:06] [Client thread/INFO] [aT] 
[2022-03-14 13:05:06] [Client thread/INFO] [aT] ******************************************************************************************
[2022-03-14 13:05:06] [Client thread/INFO] [aT] 
[2022-03-14 13:05:06] [Client thread/INFO] [aT] WorldEdit CUI Forge Edition 3 version 3.0.9 for Minecraft 1.12.2
[2022-03-14 13:05:06] [Client thread/INFO] [aT] Built with forge 14.23.5.2838
[2022-03-14 13:05:06] [Client thread/INFO] [aT] 
[2022-03-14 13:05:06] [Client thread/INFO] [aT] Environment :
[2022-03-14 13:05:06] [Client thread/INFO] [aT] 		 OS :Windows 10 (amd64) 
[2022-03-14 13:05:06] [Client thread/INFO] [aT] 		 Java: 1.8.0_51
[2022-03-14 13:05:06] [Client thread/INFO] [aT] 		 Language :US_en
[2022-03-14 13:05:06] [Client thread/INFO] [aT] 
[2022-03-14 13:05:06] [Client thread/INFO] [aT] ******************************************************************************************
[2022-03-14 13:05:06] [Client thread/INFO] [aT] 
[2022-03-14 13:05:06] [Client thread/INFO] [a] WorldEdit CUI Forge Edition 3 is loading ...
[2022-03-14 13:05:16] [Client thread/DEBUG] [aM] Handler registered: com.github.hexomod.worldeditcuife3.aN
[2022-03-14 13:05:26] [Client thread/DEBUG] [fZ] Sending CUI event to server: v|3
[2022-03-14 13:09:34] [Client thread/DEBUG] [fZ] Sending CUI event to server: v|3
[2022-03-14 13:09:36] [Client thread/DEBUG] [fZ] Sending CUI event to server: v|3
[2022-03-16 14:01:28] [Client thread/INFO] [aT] 
[2022-03-16 14:01:28] [Client thread/INFO] [aT] ******************************************************************************************
[2022-03-16 14:01:28] [Client thread/INFO] [aT] 
[2022-03-16 14:01:28] [Client thread/INFO] [aT] WorldEdit CUI Forge Edition 3 version 3.0.9 for Minecraft 1.12.2
[2022-03-16 14:01:28] [Client thread/INFO] [aT] Built with forge 14.23.5.2838
[2022-03-16 14:01:28] [Client thread/INFO] [aT] 
[2022-03-16 14:01:28] [Client thread/INFO] [aT] Environment :
[2022-03-16 14:01:28] [Client thread/INFO] [aT] 		 OS :Windows 10 (amd64) 
[2022-03-16 14:01:28] [Client thread/INFO] [aT] 		 Java: 1.8.0_51
[2022-03-16 14:01:28] [Client thread/INFO] [aT] 		 Language :US_en
[2022-03-16 14:01:28] [Client thread/INFO] [aT] 
[2022-03-16 14:01:28] [Client thread/INFO] [aT] ******************************************************************************************
[2022-03-16 14:01:28] [Client thread/INFO] [aT] 
[2022-03-16 14:01:28] [Client thread/INFO] [a] WorldEdit CUI Forge Edition 3 is loading ...
[2022-03-16 14:01:41] [Client thread/DEBUG] [aM] Handler registered: com.github.hexomod.worldeditcuife3.aN
[2022-03-16 14:01:51] [Client thread/DEBUG] [fZ] Sending CUI event to server: v|3
[2022-03-16 14:02:09] [Client thread/DEBUG] [fZ] Sending CUI event to server: v|3
[2022-03-16 14:02:57] [Client thread/DEBUG] [fZ] Sending CUI event to server: v|3
[2022-03-17 21:35:24] [Client thread/INFO] [aT] 
[2022-03-17 21:35:24] [Client thread/INFO] [aT] ******************************************************************************************
[2022-03-17 21:35:24] [Client thread/INFO] [aT] 
[2022-03-17 21:35:24] [Client thread/INFO] [aT] WorldEdit CUI Forge Edition 3 version 3.0.9 for Minecraft 1.12.2
[2022-03-17 21:35:24] [Client thread/INFO] [aT] Built with forge 14.23.5.2838
[2022-03-17 21:35:24] [Client thread/INFO] [aT] 
[2022-03-17 21:35:24] [Client thread/INFO] [aT] Environment :
[2022-03-17 21:35:24] [Client thread/INFO] [aT] 		 OS :Windows 10 (amd64) 
[2022-03-17 21:35:24] [Client thread/INFO] [aT] 		 Java: 1.8.0_51
[2022-03-17 21:35:24] [Client thread/INFO] [aT] 		 Language :US_en
[2022-03-17 21:35:24] [Client thread/INFO] [aT] 
[2022-03-17 21:35:24] [Client thread/INFO] [aT] ******************************************************************************************
[2022-03-17 21:35:24] [Client thread/INFO] [aT] 
[2022-03-17 21:35:24] [Client thread/INFO] [a] WorldEdit CUI Forge Edition 3 is loading ...
[2022-03-17 21:35:39] [Client thread/DEBUG] [aM] Handler registered: com.github.hexomod.worldeditcuife3.aN
[2022-03-17 21:35:50] [Client thread/DEBUG] [fZ] Sending CUI event to server: v|3
[2022-03-17 21:37:17] [Client thread/DEBUG] [fZ] Sending CUI event to server: v|3
[2022-03-17 21:37:25] [Client thread/DEBUG] [fZ] Sending CUI event to server: v|3
[2022-03-17 21:38:28] [Client thread/DEBUG] [fZ] Sending CUI event to server: v|3
[2022-03-17 21:40:23] [Client thread/DEBUG] [fZ] Sending CUI event to server: v|3
[2022-03-17 21:46:44] [Client thread/DEBUG] [fZ] Sending CUI event to server: v|3
[2022-03-17 21:46:46] [Client thread/DEBUG] [fZ] Sending CUI event to server: v|3
[2022-03-18 14:33:02] [Client thread/INFO] [aT] 
[2022-03-18 14:33:02] [Client thread/INFO] [aT] ******************************************************************************************
[2022-03-18 14:33:02] [Client thread/INFO] [aT] 
[2022-03-18 14:33:02] [Client thread/INFO] [aT] WorldEdit CUI Forge Edition 3 version 3.0.9 for Minecraft 1.12.2
[2022-03-18 14:33:02] [Client thread/INFO] [aT] Built with forge 14.23.5.2838
[2022-03-18 14:33:02] [Client thread/INFO] [aT] 
[2022-03-18 14:33:02] [Client thread/INFO] [aT] Environment :
[2022-03-18 14:33:02] [Client thread/INFO] [aT] 		 OS :Windows 10 (amd64) 
[2022-03-18 14:33:02] [Client thread/INFO] [aT] 		 Java: 1.8.0_51
[2022-03-18 14:33:02] [Client thread/INFO] [aT] 		 Language :US_en
[2022-03-18 14:33:02] [Client thread/INFO] [aT] 
[2022-03-18 14:33:02] [Client thread/INFO] [aT] ******************************************************************************************
[2022-03-18 14:33:02] [Client thread/INFO] [aT] 
[2022-03-18 14:33:02] [Client thread/INFO] [a] WorldEdit CUI Forge Edition 3 is loading ...
[2022-03-18 14:33:20] [Client thread/DEBUG] [aM] Handler registered: com.github.hexomod.worldeditcuife3.aN
[2022-03-18 14:33:36] [Client thread/DEBUG] [fZ] Sending CUI event to server: v|3
[2022-03-18 14:37:09] [Client thread/DEBUG] [fZ] Sending CUI event to server: v|3
[2022-03-18 14:37:11] [Client thread/DEBUG] [fZ] Sending CUI event to server: v|3
[2022-03-18 14:38:50] [Client thread/DEBUG] [fZ] Sending CUI event to server: v|3
[2022-03-27 13:46:29] [Client thread/INFO] [aT] 
[2022-03-27 13:46:29] [Client thread/INFO] [aT] ******************************************************************************************
[2022-03-27 13:46:29] [Client thread/INFO] [aT] 
[2022-03-27 13:46:29] [Client thread/INFO] [aT] WorldEdit CUI Forge Edition 3 version 3.0.9 for Minecraft 1.12.2
[2022-03-27 13:46:29] [Client thread/INFO] [aT] Built with forge 14.23.5.2838
[2022-03-27 13:46:29] [Client thread/INFO] [aT] 
[2022-03-27 13:46:29] [Client thread/INFO] [aT] Environment :
[2022-03-27 13:46:29] [Client thread/INFO] [aT] 		 OS :Windows 10 (amd64) 
[2022-03-27 13:46:29] [Client thread/INFO] [aT] 		 Java: 1.8.0_51
[2022-03-27 13:46:29] [Client thread/INFO] [aT] 		 Language :US_en
[2022-03-27 13:46:29] [Client thread/INFO] [aT] 
[2022-03-27 13:46:29] [Client thread/INFO] [aT] ******************************************************************************************
[2022-03-27 13:46:29] [Client thread/INFO] [aT] 
[2022-03-27 13:46:29] [Client thread/INFO] [a] WorldEdit CUI Forge Edition 3 is loading ...
[2022-03-27 13:46:36] [Client thread/DEBUG] [aM] Handler registered: com.github.hexomod.worldeditcuife3.aN
[2022-03-27 14:01:00] [Client thread/DEBUG] [fZ] Sending CUI event to server: v|3
[2022-03-27 14:04:24] [Client thread/DEBUG] [fZ] Sending CUI event to server: v|3
[2022-03-27 14:04:25] [Client thread/DEBUG] [fZ] Sending CUI event to server: v|3
[2022-03-27 14:13:17] [Client thread/INFO] [aT] 
[2022-03-27 14:13:17] [Client thread/INFO] [aT] ******************************************************************************************
[2022-03-27 14:13:17] [Client thread/INFO] [aT] 
[2022-03-27 14:13:17] [Client thread/INFO] [aT] WorldEdit CUI Forge Edition 3 version 3.0.9 for Minecraft 1.12.2
[2022-03-27 14:13:17] [Client thread/INFO] [aT] Built with forge 14.23.5.2838
[2022-03-27 14:13:17] [Client thread/INFO] [aT] 
[2022-03-27 14:13:17] [Client thread/INFO] [aT] Environment :
[2022-03-27 14:13:17] [Client thread/INFO] [aT] 		 OS :Windows 10 (amd64) 
[2022-03-27 14:13:17] [Client thread/INFO] [aT] 		 Java: 1.8.0_51
[2022-03-27 14:13:17] [Client thread/INFO] [aT] 		 Language :US_en
[2022-03-27 14:13:17] [Client thread/INFO] [aT] 
[2022-03-27 14:13:17] [Client thread/INFO] [aT] ******************************************************************************************
[2022-03-27 14:13:17] [Client thread/INFO] [aT] 
[2022-03-27 14:13:17] [Client thread/INFO] [a] WorldEdit CUI Forge Edition 3 is loading ...
[2022-03-27 14:13:24] [Client thread/DEBUG] [aM] Handler registered: com.github.hexomod.worldeditcuife3.aN
[2022-03-27 14:13:35] [Client thread/DEBUG] [fZ] Sending CUI event to server: v|3
[2022-03-27 14:13:40] [Client thread/DEBUG] [fZ] Sending CUI event to server: v|3
[2022-03-27 16:45:36] [Client thread/INFO] [aT] 
[2022-03-27 16:45:36] [Client thread/INFO] [aT] ******************************************************************************************
[2022-03-27 16:45:36] [Client thread/INFO] [aT] 
[2022-03-27 16:45:36] [Client thread/INFO] [aT] WorldEdit CUI Forge Edition 3 version 3.0.9 for Minecraft 1.12.2
[2022-03-27 16:45:36] [Client thread/INFO] [aT] Built with forge 14.23.5.2838
[2022-03-27 16:45:36] [Client thread/INFO] [aT] 
[2022-03-27 16:45:36] [Client thread/INFO] [aT] Environment :
[2022-03-27 16:45:36] [Client thread/INFO] [aT] 		 OS :Windows 10 (amd64) 
[2022-03-27 16:45:36] [Client thread/INFO] [aT] 		 Java: 1.8.0_51
[2022-03-27 16:45:36] [Client thread/INFO] [aT] 		 Language :US_en
[2022-03-27 16:45:36] [Client thread/INFO] [aT] 
[2022-03-27 16:45:36] [Client thread/INFO] [aT] ******************************************************************************************
[2022-03-27 16:45:36] [Client thread/INFO] [aT] 
[2022-03-27 16:45:36] [Client thread/INFO] [a] WorldEdit CUI Forge Edition 3 is loading ...
[2022-03-27 16:45:42] [Client thread/DEBUG] [aM] Handler registered: com.github.hexomod.worldeditcuife3.aN
[2022-03-27 16:45:58] [Client thread/DEBUG] [fZ] Sending CUI event to server: v|3
[2022-03-27 16:46:09] [Client thread/DEBUG] [fZ] Sending CUI event to server: v|3
[2022-03-27 17:03:14] [Client thread/DEBUG] [fZ] Sending CUI event to server: v|3
[2022-03-27 17:03:48] [Client thread/DEBUG] [fZ] Sending CUI event to server: v|3
[2022-03-27 17:18:49] [Client thread/DEBUG] [fZ] Sending CUI event to server: v|3
[2022-03-27 17:18:50] [Client thread/DEBUG] [fZ] Sending CUI event to server: v|3
[2022-04-01 15:20:29] [Client thread/INFO] [aT] 
[2022-04-01 15:20:29] [Client thread/INFO] [aT] ******************************************************************************************
[2022-04-01 15:20:29] [Client thread/INFO] [aT] 
[2022-04-01 15:20:29] [Client thread/INFO] [aT] WorldEdit CUI Forge Edition 3 version 3.0.9 for Minecraft 1.12.2
[2022-04-01 15:20:29] [Client thread/INFO] [aT] Built with forge 14.23.5.2838
[2022-04-01 15:20:29] [Client thread/INFO] [aT] 
[2022-04-01 15:20:29] [Client thread/INFO] [aT] Environment :
[2022-04-01 15:20:29] [Client thread/INFO] [aT] 		 OS :Windows 10 (amd64) 
[2022-04-01 15:20:29] [Client thread/INFO] [aT] 		 Java: 1.8.0_51
[2022-04-01 15:20:29] [Client thread/INFO] [aT] 		 Language :US_en
[2022-04-01 15:20:29] [Client thread/INFO] [aT] 
[2022-04-01 15:20:29] [Client thread/INFO] [aT] ******************************************************************************************
[2022-04-01 15:20:29] [Client thread/INFO] [aT] 
[2022-04-01 15:20:29] [Client thread/INFO] [a] WorldEdit CUI Forge Edition 3 is loading ...
[2022-04-01 15:20:36] [Client thread/DEBUG] [aM] Handler registered: com.github.hexomod.worldeditcuife3.aN
[2022-04-01 15:20:45] [Client thread/DEBUG] [fZ] Sending CUI event to server: v|3
[2022-04-01 15:22:06] [Client thread/DEBUG] [fZ] Sending CUI event to server: v|3
[2022-04-01 15:22:33] [Client thread/DEBUG] [fZ] Sending CUI event to server: v|3
[2022-04-01 15:22:42] [Client thread/DEBUG] [fZ] Sending CUI event to server: v|3
[2022-04-01 15:27:02] [Client thread/DEBUG] [fZ] Sending CUI event to server: v|3
[2022-04-01 16:10:51] [Client thread/DEBUG] [fZ] Sending CUI event to server: v|3
[2022-04-01 16:11:10] [Client thread/DEBUG] [fZ] Sending CUI event to server: v|3
[2022-04-03 16:01:47] [Client thread/INFO] [aT] 
[2022-04-03 16:01:47] [Client thread/INFO] [aT] ******************************************************************************************
[2022-04-03 16:01:47] [Client thread/INFO] [aT] 
[2022-04-03 16:01:47] [Client thread/INFO] [aT] WorldEdit CUI Forge Edition 3 version 3.0.9 for Minecraft 1.12.2
[2022-04-03 16:01:47] [Client thread/INFO] [aT] Built with forge 14.23.5.2838
[2022-04-03 16:01:47] [Client thread/INFO] [aT] 
[2022-04-03 16:01:47] [Client thread/INFO] [aT] Environment :
[2022-04-03 16:01:47] [Client thread/INFO] [aT] 		 OS :Windows 10 (amd64) 
[2022-04-03 16:01:47] [Client thread/INFO] [aT] 		 Java: 1.8.0_51
[2022-04-03 16:01:47] [Client thread/INFO] [aT] 		 Language :US_en
[2022-04-03 16:01:47] [Client thread/INFO] [aT] 
[2022-04-03 16:01:47] [Client thread/INFO] [aT] ******************************************************************************************
[2022-04-03 16:01:47] [Client thread/INFO] [aT] 
[2022-04-03 16:01:47] [Client thread/INFO] [a] WorldEdit CUI Forge Edition 3 is loading ...
[2022-04-03 16:01:55] [Client thread/DEBUG] [aM] Handler registered: com.github.hexomod.worldeditcuife3.aN
[2022-04-03 16:02:04] [Client thread/DEBUG] [fZ] Sending CUI event to server: v|3
[2022-04-03 16:15:49] [Client thread/DEBUG] [fZ] Sending CUI event to server: v|3
[2022-04-03 16:15:51] [Client thread/DEBUG] [fZ] Sending CUI event to server: v|3
[2022-04-04 21:10:58] [Client thread/INFO] [aT] 
[2022-04-04 21:10:58] [Client thread/INFO] [aT] ******************************************************************************************
[2022-04-04 21:10:58] [Client thread/INFO] [aT] 
[2022-04-04 21:10:58] [Client thread/INFO] [aT] WorldEdit CUI Forge Edition 3 version 3.0.9 for Minecraft 1.12.2
[2022-04-04 21:10:58] [Client thread/INFO] [aT] Built with forge 14.23.5.2838
[2022-04-04 21:10:58] [Client thread/INFO] [aT] 
[2022-04-04 21:10:58] [Client thread/INFO] [aT] Environment :
[2022-04-04 21:10:58] [Client thread/INFO] [aT] 		 OS :Windows 10 (amd64) 
[2022-04-04 21:10:58] [Client thread/INFO] [aT] 		 Java: 1.8.0_51
[2022-04-04 21:10:58] [Client thread/INFO] [aT] 		 Language :US_en
[2022-04-04 21:10:58] [Client thread/INFO] [aT] 
[2022-04-04 21:10:58] [Client thread/INFO] [aT] ******************************************************************************************
[2022-04-04 21:10:58] [Client thread/INFO] [aT] 
[2022-04-04 21:10:58] [Client thread/INFO] [a] WorldEdit CUI Forge Edition 3 is loading ...
[2022-04-04 21:11:06] [Client thread/DEBUG] [aM] Handler registered: com.github.hexomod.worldeditcuife3.aN
[2022-04-04 21:11:15] [Client thread/DEBUG] [fZ] Sending CUI event to server: v|3
[2022-04-04 21:11:49] [Client thread/DEBUG] [fZ] Sending CUI event to server: v|3
[2022-04-05 00:49:27] [Client thread/INFO] [aT] 
[2022-04-05 00:49:27] [Client thread/INFO] [aT] ******************************************************************************************
[2022-04-05 00:49:27] [Client thread/INFO] [aT] 
[2022-04-05 00:49:27] [Client thread/INFO] [aT] WorldEdit CUI Forge Edition 3 version 3.0.9 for Minecraft 1.12.2
[2022-04-05 00:49:27] [Client thread/INFO] [aT] Built with forge 14.23.5.2838
[2022-04-05 00:49:27] [Client thread/INFO] [aT] 
[2022-04-05 00:49:27] [Client thread/INFO] [aT] Environment :
[2022-04-05 00:49:27] [Client thread/INFO] [aT] 		 OS :Windows 10 (amd64) 
[2022-04-05 00:49:27] [Client thread/INFO] [aT] 		 Java: 1.8.0_51
[2022-04-05 00:49:27] [Client thread/INFO] [aT] 		 Language :US_en
[2022-04-05 00:49:27] [Client thread/INFO] [aT] 
[2022-04-05 00:49:27] [Client thread/INFO] [aT] ******************************************************************************************
[2022-04-05 00:49:27] [Client thread/INFO] [aT] 
[2022-04-05 00:49:27] [Client thread/INFO] [a] WorldEdit CUI Forge Edition 3 is loading ...
[2022-04-05 00:49:35] [Client thread/DEBUG] [aM] Handler registered: com.github.hexomod.worldeditcuife3.aN
[2022-04-05 00:49:45] [Client thread/DEBUG] [fZ] Sending CUI event to server: v|3
[2022-04-05 02:17:23] [Client thread/DEBUG] [fZ] Sending CUI event to server: v|3
[2022-04-05 02:17:24] [Client thread/DEBUG] [fZ] Sending CUI event to server: v|3
[2022-04-08 15:20:10] [Client thread/INFO] [aT] 
[2022-04-08 15:20:10] [Client thread/INFO] [aT] ******************************************************************************************
[2022-04-08 15:20:10] [Client thread/INFO] [aT] 
[2022-04-08 15:20:10] [Client thread/INFO] [aT] WorldEdit CUI Forge Edition 3 version 3.0.9 for Minecraft 1.12.2
[2022-04-08 15:20:10] [Client thread/INFO] [aT] Built with forge 14.23.5.2838
[2022-04-08 15:20:10] [Client thread/INFO] [aT] 
[2022-04-08 15:20:10] [Client thread/INFO] [aT] Environment :
[2022-04-08 15:20:10] [Client thread/INFO] [aT] 		 OS :Windows 10 (amd64) 
[2022-04-08 15:20:10] [Client thread/INFO] [aT] 		 Java: 1.8.0_51
[2022-04-08 15:20:10] [Client thread/INFO] [aT] 		 Language :US_en
[2022-04-08 15:20:10] [Client thread/INFO] [aT] 
[2022-04-08 15:20:10] [Client thread/INFO] [aT] ******************************************************************************************
[2022-04-08 15:20:10] [Client thread/INFO] [aT] 
[2022-04-08 15:20:10] [Client thread/INFO] [a] WorldEdit CUI Forge Edition 3 is loading ...
[2022-04-08 15:20:18] [Client thread/DEBUG] [aM] Handler registered: com.github.hexomod.worldeditcuife3.aN
[2022-04-08 15:20:34] [Client thread/DEBUG] [fZ] Sending CUI event to server: v|3
[2022-04-08 15:21:01] [Client thread/DEBUG] [fZ] Sending CUI event to server: v|3
[2022-04-08 15:24:30] [Client thread/DEBUG] [fZ] Sending CUI event to server: v|3
[2022-04-08 15:25:27] [Client thread/DEBUG] [fZ] Sending CUI event to server: v|3
[2022-04-08 15:26:43] [Client thread/DEBUG] [fZ] Sending CUI event to server: v|3
[2022-04-08 16:03:04] [Client thread/DEBUG] [fZ] Sending CUI event to server: v|3
[2022-04-08 16:03:07] [Client thread/DEBUG] [fZ] Sending CUI event to server: v|3
[2022-04-08 18:42:34] [Client thread/INFO] [aT] 
[2022-04-08 18:42:34] [Client thread/INFO] [aT] ******************************************************************************************
[2022-04-08 18:42:34] [Client thread/INFO] [aT] 
[2022-04-08 18:42:34] [Client thread/INFO] [aT] WorldEdit CUI Forge Edition 3 version 3.0.9 for Minecraft 1.12.2
[2022-04-08 18:42:34] [Client thread/INFO] [aT] Built with forge 14.23.5.2838
[2022-04-08 18:42:34] [Client thread/INFO] [aT] 
[2022-04-08 18:42:34] [Client thread/INFO] [aT] Environment :
[2022-04-08 18:42:34] [Client thread/INFO] [aT] 		 OS :Windows 10 (amd64) 
[2022-04-08 18:42:34] [Client thread/INFO] [aT] 		 Java: 1.8.0_51
[2022-04-08 18:42:34] [Client thread/INFO] [aT] 		 Language :US_en
[2022-04-08 18:42:34] [Client thread/INFO] [aT] 
[2022-04-08 18:42:34] [Client thread/INFO] [aT] ******************************************************************************************
[2022-04-08 18:42:34] [Client thread/INFO] [aT] 
[2022-04-08 18:42:34] [Client thread/INFO] [a] WorldEdit CUI Forge Edition 3 is loading ...
[2022-04-08 18:42:41] [Client thread/DEBUG] [aM] Handler registered: com.github.hexomod.worldeditcuife3.aN
[2022-04-08 18:42:51] [Client thread/DEBUG] [fZ] Sending CUI event to server: v|3
[2022-04-08 18:44:55] [Client thread/DEBUG] [fZ] Sending CUI event to server: v|3
[2022-04-08 18:46:33] [Client thread/DEBUG] [fZ] Sending CUI event to server: v|3
[2022-04-08 18:46:48] [Client thread/DEBUG] [fZ] Sending CUI event to server: v|3
[2022-04-08 18:49:40] [Netty Client IO #1/DEBUG] [fZ] Received CUI event from server: p|0|3384349|298|-4890644|-1
[2022-04-08 18:49:40] [Client thread/DEBUG] [q] Received command from WE : p - Params: 0, 3384349, 298, -4890644, -1
[2022-04-08 18:49:40] [Netty Client IO #1/DEBUG] [fZ] Received CUI event from server: s|cuboid
[2022-04-08 18:49:40] [Netty Client IO #1/DEBUG] [fZ] Received CUI event from server: p|0|3384349|298|-4890644|-1
[2022-04-08 18:49:40] [Client thread/DEBUG] [q] Received command from WE : s - Params: cuboid
[2022-04-08 18:49:40] [Client thread/DEBUG] [gh] Cuboid command :s|cuboid
[2022-04-08 18:49:40] [Client thread/DEBUG] [q] Received command from WE : p - Params: 0, 3384349, 298, -4890644, -1
[2022-04-08 18:49:40] [Client thread/DEBUG] [gh] Cuboid command :p|0|3384349|298|-4890644|-1
[2022-04-08 18:49:48] [Netty Client IO #1/DEBUG] [fZ] Received CUI event from server: p|1|3384423|298|-4890534|8325
[2022-04-08 18:49:48] [Client thread/DEBUG] [q] Received command from WE : p - Params: 1, 3384423, 298, -4890534, 8325
[2022-04-08 18:49:48] [Client thread/DEBUG] [gh] Cuboid command :p|1|3384423|298|-4890534|8325
[2022-04-08 18:50:56] [Netty Client IO #1/DEBUG] [fZ] Received CUI event from server: p|0|3384423|298|-4890534|1
[2022-04-08 18:50:56] [Client thread/DEBUG] [q] Received command from WE : p - Params: 0, 3384423, 298, -4890534, 1
[2022-04-08 18:50:56] [Client thread/DEBUG] [gh] Cuboid command :p|0|3384423|298|-4890534|1
[2022-04-08 18:55:43] [Netty Client IO #1/DEBUG] [fZ] Received CUI event from server: p|0|3384281|310|-4890542|16731
[2022-04-08 18:55:43] [Client thread/DEBUG] [q] Received command from WE : p - Params: 0, 3384281, 310, -4890542, 16731
[2022-04-08 18:55:43] [Client thread/DEBUG] [gh] Cuboid command :p|0|3384281|310|-4890542|16731
[2022-04-08 18:56:08] [Netty Client IO #1/DEBUG] [fZ] Received CUI event from server: p|1|3384267|310|-4890492|765
[2022-04-08 18:56:08] [Client thread/DEBUG] [q] Received command from WE : p - Params: 1, 3384267, 310, -4890492, 765
[2022-04-08 18:56:08] [Client thread/DEBUG] [gh] Cuboid command :p|1|3384267|310|-4890492|765
[2022-04-08 18:56:23] [Netty Client IO #1/DEBUG] [fZ] Received CUI event from server: p|0|3384272|310|-4890498|42
[2022-04-08 18:56:23] [Client thread/DEBUG] [q] Received command from WE : p - Params: 0, 3384272, 310, -4890498, 42
[2022-04-08 18:56:23] [Client thread/DEBUG] [gh] Cuboid command :p|0|3384272|310|-4890498|42
[2022-04-08 18:56:23] [Netty Client IO #1/DEBUG] [fZ] Received CUI event from server: p|1|3384272|310|-4890499|2
[2022-04-08 18:56:23] [Client thread/DEBUG] [q] Received command from WE : p - Params: 1, 3384272, 310, -4890499, 2
[2022-04-08 18:56:23] [Client thread/DEBUG] [gh] Cuboid command :p|1|3384272|310|-4890499|2
[2022-04-08 18:58:18] [Netty Client IO #1/DEBUG] [fZ] Received CUI event from server: p|0|3384276|310|-4890534|180
[2022-04-08 18:58:18] [Client thread/DEBUG] [q] Received command from WE : p - Params: 0, 3384276, 310, -4890534, 180
[2022-04-08 18:58:18] [Client thread/DEBUG] [gh] Cuboid command :p|0|3384276|310|-4890534|180
[2022-04-08 18:58:23] [Netty Client IO #1/DEBUG] [fZ] Received CUI event from server: p|1|3384282|324|-4890512|2415
[2022-04-08 18:58:23] [Client thread/DEBUG] [q] Received command from WE : p - Params: 1, 3384282, 324, -4890512, 2415
[2022-04-08 18:58:23] [Client thread/DEBUG] [gh] Cuboid command :p|1|3384282|324|-4890512|2415
[2022-04-08 19:07:21] [Netty Client IO #1/DEBUG] [fZ] Received CUI event from server: p|1|3384281|310|-4890542|54
[2022-04-08 19:07:21] [Client thread/DEBUG] [q] Received command from WE : p - Params: 1, 3384281, 310, -4890542, 54
[2022-04-08 19:07:21] [Client thread/DEBUG] [gh] Cuboid command :p|1|3384281|310|-4890542|54
[2022-04-08 19:07:43] [Netty Client IO #1/DEBUG] [fZ] Received CUI event from server: p|1|3384266|337|-4890491|13552
[2022-04-08 19:07:43] [Client thread/DEBUG] [q] Received command from WE : p - Params: 1, 3384266, 337, -4890491, 13552
[2022-04-08 19:07:43] [Client thread/DEBUG] [gh] Cuboid command :p|1|3384266|337|-4890491|13552
[2022-04-08 19:07:51] [Netty Client IO #1/DEBUG] [fZ] Received CUI event from server: p|0|3384281|310|-4890542|23296
[2022-04-08 19:07:51] [Client thread/DEBUG] [q] Received command from WE : p - Params: 0, 3384281, 310, -4890542, 23296
[2022-04-08 19:07:51] [Client thread/DEBUG] [gh] Cuboid command :p|0|3384281|310|-4890542|23296
[2022-04-08 21:14:02] [Client thread/DEBUG] [fZ] Sending CUI event to server: v|3
[2022-04-08 21:19:28] [Client thread/DEBUG] [fZ] Sending CUI event to server: v|3
[2022-04-08 21:19:29] [Client thread/DEBUG] [fZ] Sending CUI event to server: v|3
[2022-04-08 21:21:25] [Client thread/DEBUG] [fZ] Sending CUI event to server: v|3
[2022-04-08 21:36:27] [Client thread/DEBUG] [fZ] Sending CUI event to server: v|3
[2022-04-08 21:36:28] [Client thread/DEBUG] [fZ] Sending CUI event to server: v|3
[2022-04-08 21:38:16] [Client thread/DEBUG] [fZ] Sending CUI event to server: v|3
[2022-04-08 21:46:21] [Client thread/DEBUG] [fZ] Sending CUI event to server: v|3
[2022-04-08 21:47:48] [Client thread/DEBUG] [fZ] Sending CUI event to server: v|3
[2022-04-08 21:49:03] [Client thread/DEBUG] [fZ] Sending CUI event to server: v|3
[2022-04-10 14:47:36] [Client thread/INFO] [aT] 
[2022-04-10 14:47:36] [Client thread/INFO] [aT] ******************************************************************************************
[2022-04-10 14:47:36] [Client thread/INFO] [aT] 
[2022-04-10 14:47:36] [Client thread/INFO] [aT] WorldEdit CUI Forge Edition 3 version 3.0.9 for Minecraft 1.12.2
[2022-04-10 14:47:36] [Client thread/INFO] [aT] Built with forge 14.23.5.2838
[2022-04-10 14:47:36] [Client thread/INFO] [aT] 
[2022-04-10 14:47:36] [Client thread/INFO] [aT] Environment :
[2022-04-10 14:47:36] [Client thread/INFO] [aT] 		 OS :Windows 10 (amd64) 
[2022-04-10 14:47:36] [Client thread/INFO] [aT] 		 Java: 1.8.0_51
[2022-04-10 14:47:36] [Client thread/INFO] [aT] 		 Language :US_en
[2022-04-10 14:47:36] [Client thread/INFO] [aT] 
[2022-04-10 14:47:36] [Client thread/INFO] [aT] ******************************************************************************************
[2022-04-10 14:47:36] [Client thread/INFO] [aT] 
[2022-04-10 14:47:36] [Client thread/INFO] [a] WorldEdit CUI Forge Edition 3 is loading ...
[2022-04-10 14:47:44] [Client thread/DEBUG] [aM] Handler registered: com.github.hexomod.worldeditcuife3.aN
[2022-04-10 14:47:54] [Client thread/DEBUG] [fZ] Sending CUI event to server: v|3
[2022-04-10 14:48:24] [Client thread/DEBUG] [fZ] Sending CUI event to server: v|3
